0 info it worked if it ends with ok
1 verbose cli [ '/usr/bin/nodejs', '/usr/bin/npm', 'publish' ]
2 info using npm@3.5.2
3 info using node@v4.2.6
4 verbose publish [ '.' ]
5 silly cache add args [ '.', null ]
6 verbose cache add spec .
7 silly cache add parsed spec Result {
7 silly cache add   raw: '.',
7 silly cache add   scope: null,
7 silly cache add   name: null,
7 silly cache add   rawSpec: '.',
7 silly cache add   spec: '/home/alexey/projects/brain_games',
7 silly cache add   type: 'directory' }
8 verbose addLocalDirectory /home/alexey/.npm/brain_games/1.0.0/package.tgz not in flight; packing
9 info lifecycle brain_games@1.0.0~prepublish: brain_games@1.0.0
10 silly lifecycle brain_games@1.0.0~prepublish: no script for prepublish, continuing
11 verbose tar pack [ '/home/alexey/.npm/brain_games/1.0.0/package.tgz',
11 verbose tar pack   '/home/alexey/projects/brain_games' ]
12 verbose tarball /home/alexey/.npm/brain_games/1.0.0/package.tgz
13 verbose folder /home/alexey/projects/brain_games
14 verbose addLocalTarball adding from inside cache /home/alexey/.npm/brain_games/1.0.0/package.tgz
15 silly cache afterAdd brain_games@1.0.0
16 verbose afterAdd /home/alexey/.npm/brain_games/1.0.0/package/package.json not in flight; writing
17 verbose afterAdd /home/alexey/.npm/brain_games/1.0.0/package/package.json written
18 silly publish { name: 'brain_games',
18 silly publish   version: '1.0.0',
18 silly publish   description: 'Project #1 in Hexlet',
18 silly publish   main: 'index.js',
18 silly publish   bin: { 'brain-games': 'dist/bin/brain-games.js' },
18 silly publish   files: [ 'dist' ],
18 silly publish   scripts:
18 silly publish    { test: 'echo "Error: no test specified" && exit 1',
18 silly publish      'babel-node': 'babel-node',
18 silly publish      build: 'NODE_ENV=production babel src --out-dir dist --source-maps inline',
18 silly publish      prepublishOnly: 'npm run build' },
18 silly publish   author: { name: 'alexey' },
18 silly publish   license: 'ISC',
18 silly publish   devDependencies:
18 silly publish    { 'babel-cli': '^6.26.0',
18 silly publish      'babel-core': '^6.26.0',
18 silly publish      'babel-preset-env': '^1.6.1',
18 silly publish      'babel-preset-stage-0': '^6.24.1' },
18 silly publish   readme: 'ERROR: No README data found!',
18 silly publish   _id: 'brain_games@1.0.0',
18 silly publish   _shasum: 'b264691a12b3dfaaa747486df565eb6632814731',
18 silly publish   _from: '.' }
19 verbose getPublishConfig undefined
20 silly mapToRegistry name brain_games
21 silly mapToRegistry using default registry
22 silly mapToRegistry registry https://registry.npmjs.org/
23 silly mapToRegistry uri https://registry.npmjs.org/brain_games
24 verbose publish registryBase https://registry.npmjs.org/
25 silly publish uploading /home/alexey/.npm/brain_games/1.0.0/package.tgz
26 verbose request uri https://registry.npmjs.org/brain_games
27 verbose request sending authorization for write operation
28 info attempt registry request try #1 at 14:14:56
29 verbose request using bearer token for auth
30 verbose request id 77433c3435f3f0c0
31 http request PUT https://registry.npmjs.org/brain_games
32 http 403 https://registry.npmjs.org/brain_games
33 verbose headers { date: 'Mon, 18 Jun 2018 09:14:57 GMT',
33 verbose headers   'content-type': 'application/json',
33 verbose headers   'transfer-encoding': 'chunked',
33 verbose headers   connection: 'keep-alive',
33 verbose headers   'set-cookie': [ '__cfduid=db0b6986686114ce0e607dbf38ba7b5411529313296; expires=Tue, 18-Jun-19 09:14:56 GMT; path=/; domain=.registry.npmjs.org; HttpOnly' ],
33 verbose headers   'cf-ray': '42cca6087db1865b-ARN',
33 verbose headers   'expect-ct': 'max-age=604800, report-uri="https://report-uri.cloudflare.com/cdn-cgi/beacon/expect-ct"',
33 verbose headers   server: 'cloudflare',
33 verbose headers   'content-encoding': 'gzip' }
34 verbose request invalidating /home/alexey/.npm/registry.npmjs.org/brain_games on PUT
35 error publish Failed PUT 403
36 verbose stack Error: You do not have permission to publish "brain_games". Are you logged in as the correct user? : brain_games
36 verbose stack     at makeError (/usr/share/npm/node_modules/npm-registry-client/lib/request.js:264:12)
36 verbose stack     at CachingRegistryClient.<anonymous> (/usr/share/npm/node_modules/npm-registry-client/lib/request.js:252:14)
36 verbose stack     at /usr/share/npm/node_modules/npm-registry-client/lib/request.js:178:7
36 verbose stack     at Gunzip.onEnd (zlib.js:227:5)
36 verbose stack     at emitNone (events.js:72:20)
36 verbose stack     at Gunzip.emit (events.js:166:7)
36 verbose stack     at endReadableNT (_stream_readable.js:905:12)
36 verbose stack     at nextTickCallbackWith2Args (node.js:441:9)
36 verbose stack     at process._tickCallback (node.js:355:17)
37 verbose statusCode 403
38 verbose pkgid brain_games
39 verbose cwd /home/alexey/projects/brain_games
40 error Linux 4.4.0-128-generic
41 error argv "/usr/bin/nodejs" "/usr/bin/npm" "publish"
42 error node v4.2.6
43 error npm  v3.5.2
44 error code E403
45 error You do not have permission to publish "brain_games". Are you logged in as the correct user? : brain_games
46 error If you need help, you may report this error at:
46 error     <https://github.com/npm/npm/issues>
47 verbose exit [ 1, true ]
